This is XeTeX, Version 3.141592653-2.6-0.999994 (TeX Live 2022) (preloaded format=xelatex 2022.6.1)  1 JUN 2022 16:39
entering extended mode
 restricted \write18 enabled.
 %&-line parsing enabled.
**C:/R_test/growth/Report.growth_20220601_163852/Report_Growth.tex
(c:/R_test/growth/Report.growth_20220601_163852/Report_Growth.tex
LaTeX2e <2021-11-15> patch level 1
L3 programming layer <2022-05-30> (c:/Users/nicwir/AppData/Roaming/TinyTeX/texmf-dist/tex/latex/base/article.cls
Document Class: article 2021/10/04 v1.4n Standard LaTeX document class
(c:/Users/nicwir/AppData/Roaming/TinyTeX/texmf-dist/tex/latex/base/size10.clo
File: size10.clo 2021/10/04 v1.4n Standard LaTeX file (size option)
)
\c@part=\count181
\c@section=\count182
\c@subsection=\count183
\c@subsubsection=\count184
\c@paragraph=\count185
\c@subparagraph=\count186
\c@figure=\count187
\c@table=\count188
\abovecaptionskip=\skip47
\belowcaptionskip=\skip48
\bibindent=\dimen138
) (c:/Users/nicwir/AppData/Roaming/TinyTeX/texmf-dist/tex/latex/amsmath/amsmath.sty
Package: amsmath 2021/10/15 v2.17l AMS math features
\@mathmargin=\skip49
For additional information on amsmath, use the `?' option.
(c:/Users/nicwir/AppData/Roaming/TinyTeX/texmf-dist/tex/latex/amsmath/amstext.sty
Package: amstext 2021/08/26 v2.01 AMS text
(c:/Users/nicwir/AppData/Roaming/TinyTeX/texmf-dist/tex/latex/amsmath/amsgen.sty
File: amsgen.sty 1999/11/30 v2.0 generic functions
\@emptytoks=\toks16
\ex@=\dimen139
)) (c:/Users/nicwir/AppData/Roaming/TinyTeX/texmf-dist/tex/latex/amsmath/amsbsy.sty
Package: amsbsy 1999/11/29 v1.2d Bold Symbols
\pmbraise@=\dimen140
) (c:/Users/nicwir/AppData/Roaming/TinyTeX/texmf-dist/tex/latex/amsmath/amsopn.sty
Package: amsopn 2021/08/26 v2.02 operator names
)
\inf@bad=\count189
LaTeX Info: Redefining \frac on input line 234.
\uproot@=\count190
\leftroot@=\count191
LaTeX Info: Redefining \overline on input line 399.
\classnum@=\count192
\DOTSCASE@=\count193
LaTeX Info: Redefining \ldots on input line 496.
LaTeX Info: Redefining \dots on input line 499.
LaTeX Info: Redefining \cdots on input line 620.
\Mathstrutbox@=\box50
\strutbox@=\box51
\big@size=\dimen141
LaTeX Font Info:    Redeclaring font encoding OML on input line 743.
LaTeX Font Info:    Redeclaring font encoding OMS on input line 744.
\macc@depth=\count194
\c@MaxMatrixCols=\count195
\dotsspace@=\muskip16
\c@parentequation=\count196
\dspbrk@lvl=\count197
\tag@help=\toks17
\row@=\count198
\column@=\count199
\maxfields@=\count266
\andhelp@=\toks18
\eqnshift@=\dimen142
\alignsep@=\dimen143
\tagshift@=\dimen144
\tagwidth@=\dimen145
\totwidth@=\dimen146
\lineht@=\dimen147
\@envbody=\toks19
\multlinegap=\skip50
\multlinetaggap=\skip51
\mathdisplay@stack=\toks20
LaTeX Info: Redefining \[ on input line 2938.
LaTeX Info: Redefining \] on input line 2939.
) (c:/Users/nicwir/AppData/Roaming/TinyTeX/texmf-dist/tex/latex/amsfonts/amssymb.sty
Package: amssymb 2013/01/14 v3.01 AMS font symbols
(c:/Users/nicwir/AppData/Roaming/TinyTeX/texmf-dist/tex/latex/amsfonts/amsfonts.sty
Package: amsfonts 2013/01/14 v3.01 Basic AMSFonts support
\symAMSa=\mathgroup4
\symAMSb=\mathgroup5
LaTeX Font Info:    Redeclaring math symbol \hbar on input line 98.
LaTeX Font Info:    Overwriting math alphabet `\mathfrak' in version `bold'
(Font)                  U/euf/m/n --> U/euf/b/n on input line 106.
)) (c:/Users/nicwir/AppData/Roaming/TinyTeX/texmf-dist/tex/latex/lm/lmodern.sty
Package: lmodern 2015/05/01 v1.6.1 Latin Modern Fonts
LaTeX Font Info:    Overwriting symbol font `operators' in version `normal'
(Font)                  OT1/cmr/m/n --> OT1/lmr/m/n on input line 22.
LaTeX Font Info:    Overwriting symbol font `letters' in version `normal'
(Font)                  OML/cmm/m/it --> OML/lmm/m/it on input line 23.
LaTeX Font Info:    Overwriting symbol font `symbols' in version `normal'
(Font)                  OMS/cmsy/m/n --> OMS/lmsy/m/n on input line 24.
LaTeX Font Info:    Overwriting symbol font `largesymbols' in version `normal'
(Font)                  OMX/cmex/m/n --> OMX/lmex/m/n on input line 25.
LaTeX Font Info:    Overwriting symbol font `operators' in version `bold'
(Font)                  OT1/cmr/bx/n --> OT1/lmr/bx/n on input line 26.
LaTeX Font Info:    Overwriting symbol font `letters' in version `bold'
(Font)                  OML/cmm/b/it --> OML/lmm/b/it on input line 27.
LaTeX Font Info:    Overwriting symbol font `symbols' in version `bold'
(Font)                  OMS/cmsy/b/n --> OMS/lmsy/b/n on input line 28.
LaTeX Font Info:    Overwriting symbol font `largesymbols' in version `bold'
(Font)                  OMX/cmex/m/n --> OMX/lmex/m/n on input line 29.
LaTeX Font Info:    Overwriting math alphabet `\mathbf' in version `normal'
(Font)                  OT1/cmr/bx/n --> OT1/lmr/bx/n on input line 31.
LaTeX Font Info:    Overwriting math alphabet `\mathsf' in version `normal'
(Font)                  OT1/cmss/m/n --> OT1/lmss/m/n on input line 32.
LaTeX Font Info:    Overwriting math alphabet `\mathit' in version `normal'
(Font)                  OT1/cmr/m/it --> OT1/lmr/m/it on input line 33.
LaTeX Font Info:    Overwriting math alphabet `\mathtt' in version `normal'
(Font)                  OT1/cmtt/m/n --> OT1/lmtt/m/n on input line 34.
LaTeX Font Info:    Overwriting math alphabet `\mathbf' in version `bold'
(Font)                  OT1/cmr/bx/n --> OT1/lmr/bx/n on input line 35.
LaTeX Font Info:    Overwriting math alphabet `\mathsf' in version `bold'
(Font)                  OT1/cmss/bx/n --> OT1/lmss/bx/n on input line 36.
LaTeX Font Info:    Overwriting math alphabet `\mathit' in version `bold'
(Font)                  OT1/cmr/bx/it --> OT1/lmr/bx/it on input line 37.
LaTeX Font Info:    Overwriting math alphabet `\mathtt' in version `bold'
(Font)                  OT1/cmtt/m/n --> OT1/lmtt/m/n on input line 38.
) (c:/Users/nicwir/AppData/Roaming/TinyTeX/texmf-dist/tex/generic/iftex/iftex.sty
Package: iftex 2022/02/03 v1.0f TeX engine tests
) (c:/Users/nicwir/AppData/Roaming/TinyTeX/texmf-dist/tex/latex/unicode-math/unicode-math.sty (c:/Users/nicwir/AppData/Roaming/TinyTeX/texmf-dist/tex/latex/l3kernel/expl3.sty
Package: expl3 2022-05-30 L3 programming layer (loader) 
(c:/Users/nicwir/AppData/Roaming/TinyTeX/texmf-dist/tex/latex/l3backend/l3backend-xetex.def
File: l3backend-xetex.def 2022-04-20 L3 backend support: XeTeX
\g__graphics_track_int=\count267
\l__pdf_internal_box=\box52
\g__pdf_backend_object_int=\count268
\g__pdf_backend_annotation_int=\count269
\g__pdf_backend_link_int=\count270
))
Package: unicode-math 2020/01/31 v0.8q Unicode maths in XeLaTeX and LuaLaTeX
(c:/Users/nicwir/AppData/Roaming/TinyTeX/texmf-dist/tex/latex/unicode-math/unicode-math-xetex.sty
Package: unicode-math-xetex 2020/01/31 v0.8q Unicode maths in XeLaTeX and LuaLaTeX
(c:/Users/nicwir/AppData/Roaming/TinyTeX/texmf-dist/tex/latex/l3packages/xparse/xparse.sty
Package: xparse 2022-05-30 L3 Experimental document command parser
) (c:/Users/nicwir/AppData/Roaming/TinyTeX/texmf-dist/tex/latex/l3packages/l3keys2e/l3keys2e.sty
Package: l3keys2e 2022-05-30 LaTeX2e option processing using LaTeX3 keys
) (c:/Users/nicwir/AppData/Roaming/TinyTeX/texmf-dist/tex/latex/fontspec/fontspec.sty
Package: fontspec 2022/01/15 v2.8a Font selection for XeLaTeX and LuaLaTeX
(c:/Users/nicwir/AppData/Roaming/TinyTeX/texmf-dist/tex/latex/fontspec/fontspec-xetex.sty
Package: fontspec-xetex 2022/01/15 v2.8a Font selection for XeLaTeX and LuaLaTeX
\l__fontspec_script_int=\count271
\l__fontspec_language_int=\count272
\l__fontspec_strnum_int=\count273
\l__fontspec_tmp_int=\count274
\l__fontspec_tmpa_int=\count275
\l__fontspec_tmpb_int=\count276
\l__fontspec_tmpc_int=\count277
\l__fontspec_em_int=\count278
\l__fontspec_emdef_int=\count279
\l__fontspec_strong_int=\count280
\l__fontspec_strongdef_int=\count281
\l__fontspec_tmpa_dim=\dimen148
\l__fontspec_tmpb_dim=\dimen149
\l__fontspec_tmpc_dim=\dimen150
(c:/Users/nicwir/AppData/Roaming/TinyTeX/texmf-dist/tex/latex/base/fontenc.sty
Package: fontenc 2021/04/29 v2.0v Standard LaTeX package
) (c:/Users/nicwir/AppData/Roaming/TinyTeX/texmf-dist/tex/latex/fontspec/fontspec.cfg))) (c:/Users/nicwir/AppData/Roaming/TinyTeX/texmf-dist/tex/latex/base/fix-cm.sty
Package: fix-cm 2020/11/24 v1.1t fixes to LaTeX
(c:/Users/nicwir/AppData/Roaming/TinyTeX/texmf-dist/tex/latex/base/ts1enc.def
File: ts1enc.def 2001/06/05 v3.0e (jk/car/fm) Standard LaTeX file
LaTeX Font Info:    Redeclaring font encoding TS1 on input line 47.
))
\g__um_fam_int=\count282
\g__um_fonts_used_int=\count283
\l__um_primecount_int=\count284
\g__um_primekern_muskip=\muskip17
(c:/Users/nicwir/AppData/Roaming/TinyTeX/texmf-dist/tex/latex/unicode-math/unicode-math-table.tex)))

Package fontspec Info: Arial scale = 0.8311533923217035.


Package fontspec Info: Arial scale = 0.8311533923217035.


Package fontspec Info: Arial scale = 0.8311533923217035.


Package fontspec Info: Arial/B scale = 0.8311533923217035.


Package fontspec Info: Arial/B scale = 0.8311533923217035.


Package fontspec Info: Arial/I scale = 0.8311533923217035.


Package fontspec Info: Arial/I scale = 0.8311533923217035.


Package fontspec Info: Arial/BI scale = 0.8311533923217035.


Package fontspec Info: Arial/BI scale = 0.8311533923217035.


Package fontspec Info: Font family 'Arial(0)' created for font 'Arial' with
(fontspec)             options [Scale=MatchLowercase,Ligatures=TeX,Scale=1].
(fontspec)              
(fontspec)              This font family consists of the following NFSS
(fontspec)             series/shapes:
(fontspec)              
(fontspec)             - 'normal' (m/n) with NFSS spec.:
(fontspec)             <->s*[1]"Arial/OT:script=latn;language=dflt;mapping=tex-text;"
(fontspec)             - 'small caps'  (m/sc) with NFSS spec.:
(fontspec)             <->s*[1]"Arial/OT:script=latn;language=dflt;+smcp;mapping=tex-text;"
(fontspec)             - 'bold' (b/n) with NFSS spec.:
(fontspec)             <->s*[1]"Arial/B/OT:script=latn;language=dflt;mapping=tex-text;"
(fontspec)             - 'bold small caps'  (b/sc) with NFSS spec.:
(fontspec)             <->s*[1]"Arial/B/OT:script=latn;language=dflt;+smcp;mapping=tex-text;"
(fontspec)             - 'italic' (m/it) with NFSS spec.:
(fontspec)             <->s*[1]"Arial/I/OT:script=latn;language=dflt;mapping=tex-text;"
(fontspec)             - 'italic small caps'  (m/scit) with NFSS spec.:
(fontspec)             <->s*[1]"Arial/I/OT:script=latn;language=dflt;+smcp;mapping=tex-text;"
(fontspec)             - 'bold italic' (b/it) with NFSS spec.:
(fontspec)             <->s*[1]"Arial/BI/OT:script=latn;language=dflt;mapping=tex-text;"
(fontspec)             - 'bold italic small caps'  (b/scit) with NFSS spec.:
(fontspec)             <->s*[1]"Arial/BI/OT:script=latn;language=dflt;+smcp;mapping=tex-text;"

LaTeX Font Info:    Font shape `TU/Arial(0)/m/n' will be
(Font)              scaled to size 10.0pt on input line 20.

Package fontspec Info: Arial scale = 0.9999970574474535.


Package fontspec Info: Arial scale = 0.9999970574474535.


Package fontspec Info: Arial scale = 0.9999970574474535.


Package fontspec Info: Arial/B scale = 0.9999970574474535.


Package fontspec Info: Arial/B scale = 0.9999970574474535.


Package fontspec Info: Arial/I scale = 0.9999970574474535.


Package fontspec Info: Arial/I scale = 0.9999970574474535.


Package fontspec Info: Arial/BI scale = 0.9999970574474535.


Package fontspec Info: Arial/BI scale = 0.9999970574474535.


Package fontspec Info: Font family 'Arial(1)' created for font 'Arial' with
(fontspec)             options [Scale=MatchLowercase].
(fontspec)              
(fontspec)              This font family consists of the following NFSS
(fontspec)             series/shapes:
(fontspec)              
(fontspec)             - 'normal' (m/n) with NFSS spec.:
(fontspec)             <->s*[0.9999970574474535]"Arial/OT:script=latn;language=dflt;"
(fontspec)             - 'small caps'  (m/sc) with NFSS spec.:
(fontspec)             <->s*[0.9999970574474535]"Arial/OT:script=latn;language=dflt;+smcp;"
(fontspec)             - 'bold' (b/n) with NFSS spec.:
(fontspec)             <->s*[0.9999970574474535]"Arial/B/OT:script=latn;language=dflt;"
(fontspec)             - 'bold small caps'  (b/sc) with NFSS spec.:
(fontspec)             <->s*[0.9999970574474535]"Arial/B/OT:script=latn;language=dflt;+smcp;"
(fontspec)             - 'italic' (m/it) with NFSS spec.:
(fontspec)             <->s*[0.9999970574474535]"Arial/I/OT:script=latn;language=dflt;"
(fontspec)             - 'italic small caps'  (m/scit) with NFSS spec.:
(fontspec)             <->s*[0.9999970574474535]"Arial/I/OT:script=latn;language=dflt;+smcp;"
(fontspec)             - 'bold italic' (b/it) with NFSS spec.:
(fontspec)             <->s*[0.9999970574474535]"Arial/BI/OT:script=latn;language=dflt;"
(fontspec)             - 'bold italic small caps'  (b/scit) with NFSS spec.:
(fontspec)             <->s*[0.9999970574474535]"Arial/BI/OT:script=latn;language=dflt;+smcp;"

LaTeX Font Info:    Overwriting math alphabet `\mathrm' in version `normal'
(Font)                  OT1/lmr/m/n --> TU/Arial(1)/m/n on input line 20.
LaTeX Font Info:    Overwriting math alphabet `\mathit' in version `normal'
(Font)                  OT1/lmr/m/it --> TU/Arial(1)/m/it on input line 20.
LaTeX Font Info:    Overwriting math alphabet `\mathbf' in version `normal'
(Font)                  OT1/lmr/bx/n --> TU/Arial(1)/b/n on input line 20.
(c:/Users/nicwir/AppData/Roaming/TinyTeX/texmf-dist/tex/latex/upquote/upquote.sty
Package: upquote 2012/04/19 v1.3 upright-quote and grave-accent glyphs in verbatim
(c:/Users/nicwir/AppData/Roaming/TinyTeX/texmf-dist/tex/latex/base/textcomp.sty
Package: textcomp 2020/02/02 v2.0n Standard LaTeX package
)) (c:/Users/nicwir/AppData/Roaming/TinyTeX/texmf-dist/tex/latex/microtype/microtype.sty
Package: microtype 2022/03/14 v3.0d Micro-typographical refinements (RS)
(c:/Users/nicwir/AppData/Roaming/TinyTeX/texmf-dist/tex/latex/graphics/keyval.sty
Package: keyval 2014/10/28 v1.15 key=value parser (DPC)
\KV@toks@=\toks21
) (c:/Users/nicwir/AppData/Roaming/TinyTeX/texmf-dist/tex/latex/etoolbox/etoolbox.sty
Package: etoolbox 2020/10/05 v2.5k e-TeX tools for LaTeX (JAW)
\etb@tempcnta=\count285
)
\MT@toks=\toks22
\MT@tempbox=\box53
\MT@count=\count286
LaTeX Info: Redefining \noprotrusionifhmode on input line 1027.
LaTeX Info: Redefining \leftprotrusion on input line 1028.
LaTeX Info: Redefining \rightprotrusion on input line 1036.
LaTeX Info: Redefining \textls on input line 1195.
\MT@outer@kern=\dimen151
LaTeX Info: Redefining \textmicrotypecontext on input line 1781.
\MT@listname@count=\count287
(c:/Users/nicwir/AppData/Roaming/TinyTeX/texmf-dist/tex/latex/microtype/microtype-xetex.def
File: microtype-xetex.def 2022/03/14 v3.0d Definitions specific to xetex (RS)
LaTeX Info: Redefining \lsstyle on input line 236.
)
Package microtype Info: Loading configuration file microtype.cfg.
(c:/Users/nicwir/AppData/Roaming/TinyTeX/texmf-dist/tex/latex/microtype/microtype.cfg
File: microtype.cfg 2022/03/14 v3.0d microtype main configuration file (RS)
)) (c:/Users/nicwir/AppData/Roaming/TinyTeX/texmf-dist/tex/latex/parskip/parskip.sty
Package: parskip 2021-03-14 v2.0h non-zero parskip adjustments
(c:/Users/nicwir/AppData/Roaming/TinyTeX/texmf-dist/tex/latex/kvoptions/kvoptions.sty
Package: kvoptions 2020-10-07 v3.14 Key value format for package options (HO)
(c:/Users/nicwir/AppData/Roaming/TinyTeX/texmf-dist/tex/generic/ltxcmds/ltxcmds.sty
Package: ltxcmds 2020-05-10 v1.25 LaTeX kernel commands for general use (HO)
) (c:/Users/nicwir/AppData/Roaming/TinyTeX/texmf-dist/tex/generic/kvsetkeys/kvsetkeys.sty
Package: kvsetkeys 2019/12/15 v1.18 Key value parser (HO)
))) (c:/Users/nicwir/AppData/Roaming/TinyTeX/texmf-dist/tex/latex/xcolor/xcolor.sty
Package: xcolor 2021/10/31 v2.13 LaTeX color extensions (UK)
(c:/Users/nicwir/AppData/Roaming/TinyTeX/texmf-dist/tex/latex/graphics-cfg/color.cfg
File: color.cfg 2016/01/02 v1.6 sample color configuration
)
Package xcolor Info: Driver file: xetex.def on input line 227.
(c:/Users/nicwir/AppData/Roaming/TinyTeX/texmf-dist/tex/latex/graphics-def/xetex.def
File: xetex.def 2022/04/16 v5.0m Graphics/color driver for xetex
)
Package xcolor Info: Model `cmy' substituted by `cmy0' on input line 1352.
Package xcolor Info: Model `RGB' extended on input line 1368.
Package xcolor Info: Model `HTML' substituted by `rgb' on input line 1370.
Package xcolor Info: Model `Hsb' substituted by `hsb' on input line 1371.
Package xcolor Info: Model `tHsb' substituted by `hsb' on input line 1372.
Package xcolor Info: Model `HSB' substituted by `hsb' on input line 1373.
Package xcolor Info: Model `Gray' substituted by `gray' on input line 1374.
Package xcolor Info: Model `wave' substituted by `hsb' on input line 1375.
(c:/Users/nicwir/AppData/Roaming/TinyTeX/texmf-dist/tex/latex/graphics/dvipsnam.def
File: dvipsnam.def 2016/06/17 v3.0m Driver-dependent file (DPC,SPQR)
) (c:/Users/nicwir/AppData/Roaming/TinyTeX/texmf-dist/tex/latex/xcolor/svgnam.def
File: svgnam.def 2021/10/31 v2.13 Predefined colors according to SVG 1.1 (UK)
) (c:/Users/nicwir/AppData/Roaming/TinyTeX/texmf-dist/tex/latex/xcolor/x11nam.def
File: x11nam.def 2021/10/31 v2.13 Predefined colors according to Unix/X11 (UK)
)) (c:/Users/nicwir/AppData/Roaming/TinyTeX/texmf-dist/tex/latex/bookmark/bookmark.sty
Package: bookmark 2020-11-06 v1.29 PDF bookmarks (HO)
(c:/Users/nicwir/AppData/Roaming/TinyTeX/texmf-dist/tex/latex/hyperref/hyperref.sty
Package: hyperref 2022-05-17 v7.00q Hypertext links for LaTeX
(c:/Users/nicwir/AppData/Roaming/TinyTeX/texmf-dist/tex/generic/pdftexcmds/pdftexcmds.sty
Package: pdftexcmds 2020-06-27 v0.33 Utility functions of pdfTeX for LuaTeX (HO)
(c:/Users/nicwir/AppData/Roaming/TinyTeX/texmf-dist/tex/generic/infwarerr/infwarerr.sty
Package: infwarerr 2019/12/03 v1.5 Providing info/warning/error messages (HO)
)
Package pdftexcmds Info: \pdf@primitive is available.
Package pdftexcmds Info: \pdf@ifprimitive is available.
Package pdftexcmds Info: \pdfdraftmode not found.
) (c:/Users/nicwir/AppData/Roaming/TinyTeX/texmf-dist/tex/generic/kvdefinekeys/kvdefinekeys.sty
Package: kvdefinekeys 2019-12-19 v1.6 Define keys (HO)
) (c:/Users/nicwir/AppData/Roaming/TinyTeX/texmf-dist/tex/generic/pdfescape/pdfescape.sty
Package: pdfescape 2019/12/09 v1.15 Implements pdfTeX's escape features (HO)
) (c:/Users/nicwir/AppData/Roaming/TinyTeX/texmf-dist/tex/latex/hycolor/hycolor.sty
Package: hycolor 2020-01-27 v1.10 Color options for hyperref/bookmark (HO)
) (c:/Users/nicwir/AppData/Roaming/TinyTeX/texmf-dist/tex/latex/letltxmacro/letltxmacro.sty
Package: letltxmacro 2019/12/03 v1.6 Let assignment for LaTeX macros (HO)
) (c:/Users/nicwir/AppData/Roaming/TinyTeX/texmf-dist/tex/latex/auxhook/auxhook.sty
Package: auxhook 2019-12-17 v1.6 Hooks for auxiliary files (HO)
) (c:/Users/nicwir/AppData/Roaming/TinyTeX/texmf-dist/tex/latex/hyperref/nameref.sty
Package: nameref 2022-05-17 v2.50 Cross-referencing by name of section
(c:/Users/nicwir/AppData/Roaming/TinyTeX/texmf-dist/tex/latex/refcount/refcount.sty
Package: refcount 2019/12/15 v3.6 Data extraction from label references (HO)
) (c:/Users/nicwir/AppData/Roaming/TinyTeX/texmf-dist/tex/generic/gettitlestring/gettitlestring.sty
Package: gettitlestring 2019/12/15 v1.6 Cleanup title references (HO)
)
\c@section@level=\count288
)
\@linkdim=\dimen152
\Hy@linkcounter=\count289
\Hy@pagecounter=\count290
(c:/Users/nicwir/AppData/Roaming/TinyTeX/texmf-dist/tex/latex/hyperref/pd1enc.def
File: pd1enc.def 2022-05-17 v7.00q Hyperref: PDFDocEncoding definition (HO)
) (c:/Users/nicwir/AppData/Roaming/TinyTeX/texmf-dist/tex/generic/intcalc/intcalc.sty
Package: intcalc 2019/12/15 v1.3 Expandable calculations with integers (HO)
) (c:/Users/nicwir/AppData/Roaming/TinyTeX/texmf-dist/tex/generic/etexcmds/etexcmds.sty
Package: etexcmds 2019/12/15 v1.7 Avoid name clashes with e-TeX commands (HO)
)
\Hy@SavedSpaceFactor=\count291
(c:/Users/nicwir/AppData/Roaming/TinyTeX/texmf-dist/tex/latex/hyperref/puenc.def
File: puenc.def 2022-05-17 v7.00q Hyperref: PDF Unicode definition (HO)
)
Package hyperref Info: Option `unicode' set `true' on input line 4020.
Package hyperref Info: Hyper figures OFF on input line 4139.
Package hyperref Info: Link nesting OFF on input line 4144.
Package hyperref Info: Hyper index ON on input line 4147.
Package hyperref Info: Plain pages OFF on input line 4154.
Package hyperref Info: Backreferencing OFF on input line 4159.
Package hyperref Info: Implicit mode ON; LaTeX internals redefined.
Package hyperref Info: Bookmarks ON on input line 4385.
\c@Hy@tempcnt=\count292
(c:/Users/nicwir/AppData/Roaming/TinyTeX/texmf-dist/tex/latex/url/url.sty
\Urlmuskip=\muskip18
Package: url 2013/09/16  ver 3.4  Verb mode for urls, etc.
)
LaTeX Info: Redefining \url on input line 4723.
\XeTeXLinkMargin=\dimen153
(c:/Users/nicwir/AppData/Roaming/TinyTeX/texmf-dist/tex/generic/bitset/bitset.sty
Package: bitset 2019/12/09 v1.3 Handle bit-vector datatype (HO)
(c:/Users/nicwir/AppData/Roaming/TinyTeX/texmf-dist/tex/generic/bigintcalc/bigintcalc.sty
Package: bigintcalc 2019/12/15 v1.5 Expandable calculations on big integers (HO)
))
\Fld@menulength=\count293
\Field@Width=\dimen154
\Fld@charsize=\dimen155
Package hyperref Info: Hyper figures OFF on input line 6001.
Package hyperref Info: Link nesting OFF on input line 6006.
Package hyperref Info: Hyper index ON on input line 6009.
Package hyperref Info: backreferencing OFF on input line 6016.
Package hyperref Info: Link coloring OFF on input line 6021.
Package hyperref Info: Link coloring with OCG OFF on input line 6026.
Package hyperref Info: PDF/A mode OFF on input line 6031.
LaTeX Info: Redefining \ref on input line 6078.
LaTeX Info: Redefining \pageref on input line 6078.
(c:/Users/nicwir/AppData/Roaming/TinyTeX/texmf-dist/tex/latex/base/atbegshi-ltx.sty
Package: atbegshi-ltx 2021/01/10 v1.0c Emulation of the original atbegshi
package with kernel methods
)
\Hy@abspage=\count294
\c@Item=\count295
\c@Hfootnote=\count296
)
Package hyperref Info: Driver (autodetected): hxetex.
(c:/Users/nicwir/AppData/Roaming/TinyTeX/texmf-dist/tex/latex/hyperref/hxetex.def
File: hxetex.def 2022-05-17 v7.00q Hyperref driver for XeTeX
(c:/Users/nicwir/AppData/Roaming/TinyTeX/texmf-dist/tex/generic/stringenc/stringenc.sty
Package: stringenc 2019/11/29 v1.12 Convert strings between diff. encodings (HO)
)
\pdfm@box=\box54
\c@Hy@AnnotLevel=\count297
\HyField@AnnotCount=\count298
\Fld@listcount=\count299
\c@bookmark@seq@number=\count300
(c:/Users/nicwir/AppData/Roaming/TinyTeX/texmf-dist/tex/latex/rerunfilecheck/rerunfilecheck.sty
Package: rerunfilecheck 2019/12/05 v1.9 Rerun checks for auxiliary files (HO)
(c:/Users/nicwir/AppData/Roaming/TinyTeX/texmf-dist/tex/latex/base/atveryend-ltx.sty
Package: atveryend-ltx 2020/08/19 v1.0a Emulation of the original atveryend package
with kernel methods
) (c:/Users/nicwir/AppData/Roaming/TinyTeX/texmf-dist/tex/generic/uniquecounter/uniquecounter.sty
Package: uniquecounter 2019/12/15 v1.4 Provide unlimited unique counter (HO)
)
Package uniquecounter Info: New unique counter `rerunfilecheck' on input line 286.
)
\Hy@SectionHShift=\skip52
) (c:/Users/nicwir/AppData/Roaming/TinyTeX/texmf-dist/tex/latex/bookmark/bkm-dvipdfm.def
File: bkm-dvipdfm.def 2020-11-06 v1.29 bookmark driver for dvipdfm (HO)
\BKM@id=\count301
))
Package hyperref Info: Option `colorlinks' set `true' on input line 47.
(c:/Users/nicwir/AppData/Roaming/TinyTeX/texmf-dist/tex/latex/geometry/geometry.sty
Package: geometry 2020/01/02 v5.9 Page Geometry
(c:/Users/nicwir/AppData/Roaming/TinyTeX/texmf-dist/tex/generic/iftex/ifvtex.sty
Package: ifvtex 2019/10/25 v1.7 ifvtex legacy package. Use iftex instead.
)
\Gm@cnth=\count302
\Gm@cntv=\count303
\c@Gm@tempcnt=\count304
\Gm@bindingoffset=\dimen156
\Gm@wd@mp=\dimen157
\Gm@odd@mp=\dimen158
\Gm@even@mp=\dimen159
\Gm@layoutwidth=\dimen160
\Gm@layoutheight=\dimen161
\Gm@layouthoffset=\dimen162
\Gm@layoutvoffset=\dimen163
\Gm@dimlist=\toks23
) (c:/Users/nicwir/AppData/Roaming/TinyTeX/texmf-dist/tex/latex/graphics/graphicx.sty
Package: graphicx 2021/09/16 v1.2d Enhanced LaTeX Graphics (DPC,SPQR)
(c:/Users/nicwir/AppData/Roaming/TinyTeX/texmf-dist/tex/latex/graphics/graphics.sty
Package: graphics 2021/03/04 v1.4d Standard LaTeX Graphics (DPC,SPQR)
(c:/Users/nicwir/AppData/Roaming/TinyTeX/texmf-dist/tex/latex/graphics/trig.sty
Package: trig 2021/08/11 v1.11 sin cos tan (DPC)
) (c:/Users/nicwir/AppData/Roaming/TinyTeX/texmf-dist/tex/latex/graphics-cfg/graphics.cfg
File: graphics.cfg 2016/06/04 v1.11 sample graphics configuration
)
Package graphics Info: Driver file: xetex.def on input line 107.
)
\Gin@req@height=\dimen164
\Gin@req@width=\dimen165
) (c:/Users/nicwir/AppData/Roaming/TinyTeX/texmf-dist/tex/latex/booktabs/booktabs.sty
Package: booktabs 2020/01/12 v1.61803398 Publication quality tables
\heavyrulewidth=\dimen166
\lightrulewidth=\dimen167
\cmidrulewidth=\dimen168
\belowrulesep=\dimen169
\belowbottomsep=\dimen170
\aboverulesep=\dimen171
\abovetopsep=\dimen172
\cmidrulesep=\dimen173
\cmidrulekern=\dimen174
\defaultaddspace=\dimen175
\@cmidla=\count305
\@cmidlb=\count306
\@aboverulesep=\dimen176
\@belowrulesep=\dimen177
\@thisruleclass=\count307
\@lastruleclass=\count308
\@thisrulewidth=\dimen178
) (c:/Users/nicwir/AppData/Roaming/TinyTeX/texmf-dist/tex/latex/makecell/makecell.sty
Package: makecell 2009/08/03 V0.1e Managing of Tab Column Heads and Cells
(c:/Users/nicwir/AppData/Roaming/TinyTeX/texmf-dist/tex/latex/tools/array.sty
Package: array 2021/10/04 v2.5f Tabular extension package (FMi)
\col@sep=\dimen179
\ar@mcellbox=\box55
\extrarowheight=\dimen180
\NC@list=\toks24
\extratabsurround=\skip53
\backup@length=\skip54
\ar@cellbox=\box56
)
\rotheadsize=\dimen181
\c@nlinenum=\count309
\TeXr@lab=\toks25
) (./Report_Growth.aux)
\openout1 = `Report_Growth.aux'.

LaTeX Font Info:    Checking defaults for OML/cmm/m/it on input line 77.
LaTeX Font Info:    ... okay on input line 77.
LaTeX Font Info:    Checking defaults for OMS/cmsy/m/n on input line 77.
LaTeX Font Info:    ... okay on input line 77.
LaTeX Font Info:    Checking defaults for OT1/cmr/m/n on input line 77.
LaTeX Font Info:    ... okay on input line 77.
LaTeX Font Info:    Checking defaults for T1/cmr/m/n on input line 77.
LaTeX Font Info:    ... okay on input line 77.
LaTeX Font Info:    Checking defaults for TS1/cmr/m/n on input line 77.
LaTeX Font Info:    ... okay on input line 77.
LaTeX Font Info:    Checking defaults for TU/lmr/m/n on input line 77.
LaTeX Font Info:    ... okay on input line 77.
LaTeX Font Info:    Checking defaults for OMX/cmex/m/n on input line 77.
LaTeX Font Info:    ... okay on input line 77.
LaTeX Font Info:    Checking defaults for U/cmr/m/n on input line 77.
LaTeX Font Info:    ... okay on input line 77.
LaTeX Font Info:    Checking defaults for PD1/pdf/m/n on input line 77.
LaTeX Font Info:    ... okay on input line 77.
LaTeX Font Info:    Checking defaults for PU/pdf/m/n on input line 77.
LaTeX Font Info:    ... okay on input line 77.
LaTeX Font Info:    Overwriting math alphabet `\mathsf' in version `normal'
(Font)                  OT1/lmss/m/n --> TU/lmss/m/n on input line 77.
LaTeX Font Info:    Overwriting math alphabet `\mathsf' in version `bold'
(Font)                  OT1/lmss/bx/n --> TU/lmss/b/n on input line 77.
LaTeX Font Info:    Overwriting math alphabet `\mathtt' in version `normal'
(Font)                  OT1/lmtt/m/n --> TU/lmtt/m/n on input line 77.
LaTeX Font Info:    Overwriting math alphabet `\mathtt' in version `bold'
(Font)                  OT1/lmtt/m/n --> TU/lmtt/b/n on input line 77.

Package fontspec Info: latinmodern-math scale = 1.203139548468638.


Package fontspec Info: latinmodern-math scale = 1.203139548468638.


Package fontspec Info: latinmodern-math scale = 1.203139548468638.


Package fontspec Info: Font family 'latinmodern-math.otf(0)' created for font
(fontspec)             'latinmodern-math.otf' with options
(fontspec)             [Scale=MatchLowercase,BoldItalicFont={},ItalicFont={},SmallCapsFont={},Script=Math,BoldFont={latinmodern-math.otf}].
(fontspec)              
(fontspec)              This font family consists of the following NFSS
(fontspec)             series/shapes:
(fontspec)              
(fontspec)             - 'normal' (m/n) with NFSS spec.:
(fontspec)             <->s*[1.203139548468638]"[latinmodern-math.otf]/OT:script=math;language=dflt;"
(fontspec)             - 'small caps'  (m/sc) with NFSS spec.: 
(fontspec)             - 'bold' (b/n) with NFSS spec.:
(fontspec)             <->s*[1.203139548468638]"[latinmodern-math.otf]/OT:script=math;language=dflt;"
(fontspec)             - 'bold small caps'  (b/sc) with NFSS spec.: 

LaTeX Font Info:    Font shape `TU/latinmodern-math.otf(0)/m/n' will be
(Font)              scaled to size 12.0314pt on input line 77.

Package fontspec Info: latinmodern-math scale = 1.203139548468638.


Package fontspec Info: latinmodern-math scale = 1.203139548468638.


Package fontspec Info: latinmodern-math scale = 1.203139548468638.


Package fontspec Info: latinmodern-math scale = 1.203139548468638.


Package fontspec Info: latinmodern-math scale = 1.203139548468638.


Package fontspec Info: Font family 'latinmodern-math.otf(1)' created for font
(fontspec)             'latinmodern-math.otf' with options
(fontspec)             [Scale=MatchLowercase,BoldItalicFont={},ItalicFont={},SmallCapsFont={},Script=Math,SizeFeatures={{Size=8.5-},{Size=6-8.5,Font=latinmodern-math.otf,Style=MathScript},{Size=-6,Font=latinmodern-math.otf,Style=MathScriptScript}},BoldFont={latinmodern-math.otf}].
(fontspec)              
(fontspec)              This font family consists of the following NFSS
(fontspec)             series/shapes:
(fontspec)              
(fontspec)             - 'normal' (m/n) with NFSS spec.:
(fontspec)             <8.5->s*[1.203139548468638]"[latinmodern-math.otf]/OT:script=math;language=dflt;"<6-8.5>s*[1.203139548468638]"[latinmodern-math.otf]/OT:script=math;language=dflt;+ssty=0;"<-6>s*[1.203139548468638]"[latinmodern-math.otf]/OT:script=math;language=dflt;+ssty=1;"
(fontspec)             - 'small caps'  (m/sc) with NFSS spec.: 
(fontspec)             - 'bold' (b/n) with NFSS spec.:
(fontspec)             <->s*[1.203139548468638]"[latinmodern-math.otf]/OT:script=math;language=dflt;"
(fontspec)             - 'bold small caps'  (b/sc) with NFSS spec.: 

LaTeX Font Info:    Font shape `TU/latinmodern-math.otf(1)/m/n' will be
(Font)              scaled to size 12.0314pt on input line 77.
LaTeX Font Info:    Encoding `OT1' has changed to `TU' for symbol font
(Font)              `operators' in the math version `normal' on input line 77.
LaTeX Font Info:    Overwriting symbol font `operators' in version `normal'
(Font)                  OT1/lmr/m/n --> TU/latinmodern-math.otf(1)/m/n on input line 77.
LaTeX Font Info:    Encoding `OT1' has changed to `TU' for symbol font
(Font)              `operators' in the math version `bold' on input line 77.
LaTeX Font Info:    Overwriting symbol font `operators' in version `bold'
(Font)                  OT1/lmr/bx/n --> TU/latinmodern-math.otf(1)/b/n on input line 77.

Package fontspec Info: latinmodern-math scale = 1.203139548468638.


Package fontspec Info: latinmodern-math scale = 1.203259862423485.


Package fontspec Info: latinmodern-math scale = 1.203139548468638.


Package fontspec Info: latinmodern-math scale = 1.203259862423485.


Package fontspec Info: latinmodern-math scale = 1.203139548468638.


Package fontspec Info: latinmodern-math scale = 1.203259862423485.


Package fontspec Info: latinmodern-math scale = 1.203139548468638.


Package fontspec Info: latinmodern-math scale = 1.203259862423485.


Package fontspec Info: latinmodern-math scale = 1.203139548468638.


Package fontspec Info: latinmodern-math scale = 1.203259862423485.


Package fontspec Info: Font family 'latinmodern-math.otf(2)' created for font
(fontspec)             'latinmodern-math.otf' with options
(fontspec)             [Scale=MatchLowercase,BoldItalicFont={},ItalicFont={},SmallCapsFont={},Script=Math,SizeFeatures={{Size=8.5-},{Size=6-8.5,Font=latinmodern-math.otf,Style=MathScript},{Size=-6,Font=latinmodern-math.otf,Style=MathScriptScript}},BoldFont={latinmodern-math.otf},ScaleAgain=1.0001,FontAdjustment={\fontdimen
(fontspec)             8\font =8.14526pt\relax \fontdimen 9\font
(fontspec)             =4.74037pt\relax \fontdimen 10\font =5.34195pt\relax
(fontspec)             \fontdimen 11\font =8.25354pt\relax \fontdimen 12\font
(fontspec)             =4.15083pt\relax \fontdimen 13\font =4.3674pt\relax
(fontspec)             \fontdimen 14\font =4.3674pt\relax \fontdimen 15\font
(fontspec)             =3.47708pt\relax \fontdimen 16\font =2.97176pt\relax
(fontspec)             \fontdimen 17\font =2.97176pt\relax \fontdimen 18\font
(fontspec)             =3.00786pt\relax \fontdimen 19\font =2.40628pt\relax
(fontspec)             \fontdimen 22\font =3.00786pt\relax \fontdimen 20\font
(fontspec)             =0pt\relax \fontdimen 21\font =0pt\relax }].
(fontspec)              
(fontspec)              This font family consists of the following NFSS
(fontspec)             series/shapes:
(fontspec)              
(fontspec)             - 'normal' (m/n) with NFSS spec.:
(fontspec)             <8.5->s*[1.203259862423485]"[latinmodern-math.otf]/OT:script=math;language=dflt;"<6-8.5>s*[1.203259862423485]"[latinmodern-math.otf]/OT:script=math;language=dflt;+ssty=0;"<-6>s*[1.203259862423485]"[latinmodern-math.otf]/OT:script=math;language=dflt;+ssty=1;"
(fontspec)             - 'small caps'  (m/sc) with NFSS spec.: 
(fontspec)             and font adjustment code:
(fontspec)             \fontdimen 8\font =8.14526pt\relax \fontdimen 9\font
(fontspec)             =4.74037pt\relax \fontdimen 10\font =5.34195pt\relax
(fontspec)             \fontdimen 11\font =8.25354pt\relax \fontdimen 12\font
(fontspec)             =4.15083pt\relax \fontdimen 13\font =4.3674pt\relax
(fontspec)             \fontdimen 14\font =4.3674pt\relax \fontdimen 15\font
(fontspec)             =3.47708pt\relax \fontdimen 16\font =2.97176pt\relax
(fontspec)             \fontdimen 17\font =2.97176pt\relax \fontdimen 18\font
(fontspec)             =3.00786pt\relax \fontdimen 19\font =2.40628pt\relax
(fontspec)             \fontdimen 22\font =3.00786pt\relax \fontdimen 20\font
(fontspec)             =0pt\relax \fontdimen 21\font =0pt\relax 
(fontspec)             - 'bold' (b/n) with NFSS spec.:
(fontspec)             <->s*[1.203259862423485]"[latinmodern-math.otf]/OT:script=math;language=dflt;"
(fontspec)             - 'bold small caps'  (b/sc) with NFSS spec.: 
(fontspec)             and font adjustment code:
(fontspec)             \fontdimen 8\font =8.14526pt\relax \fontdimen 9\font
(fontspec)             =4.74037pt\relax \fontdimen 10\font =5.34195pt\relax
(fontspec)             \fontdimen 11\font =8.25354pt\relax \fontdimen 12\font
(fontspec)             =4.15083pt\relax \fontdimen 13\font =4.3674pt\relax
(fontspec)             \fontdimen 14\font =4.3674pt\relax \fontdimen 15\font
(fontspec)             =3.47708pt\relax \fontdimen 16\font =2.97176pt\relax
(fontspec)             \fontdimen 17\font =2.97176pt\relax \fontdimen 18\font
(fontspec)             =3.00786pt\relax \fontdimen 19\font =2.40628pt\relax
(fontspec)             \fontdimen 22\font =3.00786pt\relax \fontdimen 20\font
(fontspec)             =0pt\relax \fontdimen 21\font =0pt\relax 

LaTeX Font Info:    Encoding `OMS' has changed to `TU' for symbol font
(Font)              `symbols' in the math version `normal' on input line 77.
LaTeX Font Info:    Overwriting symbol font `symbols' in version `normal'
(Font)                  OMS/lmsy/m/n --> TU/latinmodern-math.otf(2)/m/n on input line 77.
LaTeX Font Info:    Encoding `OMS' has changed to `TU' for symbol font
(Font)              `symbols' in the math version `bold' on input line 77.
LaTeX Font Info:    Overwriting symbol font `symbols' in version `bold'
(Font)                  OMS/lmsy/b/n --> TU/latinmodern-math.otf(2)/b/n on input line 77.

Package fontspec Info: latinmodern-math scale = 1.203139548468638.


Package fontspec Info: latinmodern-math scale = 1.203019234513791.


Package fontspec Info: latinmodern-math scale = 1.203139548468638.


Package fontspec Info: latinmodern-math scale = 1.203019234513791.


Package fontspec Info: latinmodern-math scale = 1.203139548468638.


Package fontspec Info: latinmodern-math scale = 1.203019234513791.


Package fontspec Info: latinmodern-math scale = 1.203139548468638.


Package fontspec Info: latinmodern-math scale = 1.203019234513791.


Package fontspec Info: latinmodern-math scale = 1.203139548468638.


Package fontspec Info: latinmodern-math scale = 1.203019234513791.


Package fontspec Info: Font family 'latinmodern-math.otf(3)' created for font
(fontspec)             'latinmodern-math.otf' with options
(fontspec)             [Scale=MatchLowercase,BoldItalicFont={},ItalicFont={},SmallCapsFont={},Script=Math,SizeFeatures={{Size=8.5-},{Size=6-8.5,Font=latinmodern-math.otf,Style=MathScript},{Size=-6,Font=latinmodern-math.otf,Style=MathScriptScript}},BoldFont={latinmodern-math.otf},ScaleAgain=0.9999,FontAdjustment={\fontdimen
(fontspec)             8\font =0.48126pt\relax \fontdimen 9\font
(fontspec)             =2.40628pt\relax \fontdimen 10\font =2.00925pt\relax
(fontspec)             \fontdimen 11\font =1.33548pt\relax \fontdimen 12\font
(fontspec)             =7.21884pt\relax \fontdimen 13\font =0pt\relax }].
(fontspec)              
(fontspec)              This font family consists of the following NFSS
(fontspec)             series/shapes:
(fontspec)              
(fontspec)             - 'normal' (m/n) with NFSS spec.:
(fontspec)             <8.5->s*[1.203019234513791]"[latinmodern-math.otf]/OT:script=math;language=dflt;"<6-8.5>s*[1.203019234513791]"[latinmodern-math.otf]/OT:script=math;language=dflt;+ssty=0;"<-6>s*[1.203019234513791]"[latinmodern-math.otf]/OT:script=math;language=dflt;+ssty=1;"
(fontspec)             - 'small caps'  (m/sc) with NFSS spec.: 
(fontspec)             and font adjustment code:
(fontspec)             \fontdimen 8\font =0.48126pt\relax \fontdimen 9\font
(fontspec)             =2.40628pt\relax \fontdimen 10\font =2.00925pt\relax
(fontspec)             \fontdimen 11\font =1.33548pt\relax \fontdimen 12\font
(fontspec)             =7.21884pt\relax \fontdimen 13\font =0pt\relax 
(fontspec)             - 'bold' (b/n) with NFSS spec.:
(fontspec)             <->s*[1.203019234513791]"[latinmodern-math.otf]/OT:script=math;language=dflt;"
(fontspec)             - 'bold small caps'  (b/sc) with NFSS spec.: 
(fontspec)             and font adjustment code:
(fontspec)             \fontdimen 8\font =0.48126pt\relax \fontdimen 9\font
(fontspec)             =2.40628pt\relax \fontdimen 10\font =2.00925pt\relax
(fontspec)             \fontdimen 11\font =1.33548pt\relax \fontdimen 12\font
(fontspec)             =7.21884pt\relax \fontdimen 13\font =0pt\relax 

LaTeX Font Info:    Encoding `OMX' has changed to `TU' for symbol font
(Font)              `largesymbols' in the math version `normal' on input line 77.
LaTeX Font Info:    Overwriting symbol font `largesymbols' in version `normal'
(Font)                  OMX/lmex/m/n --> TU/latinmodern-math.otf(3)/m/n on input line 77.
LaTeX Font Info:    Encoding `OMX' has changed to `TU' for symbol font
(Font)              `largesymbols' in the math version `bold' on input line 77.
LaTeX Font Info:    Overwriting symbol font `largesymbols' in version `bold'
(Font)                  OMX/lmex/m/n --> TU/latinmodern-math.otf(3)/b/n on input line 77.
LaTeX Info: Redefining \microtypecontext on input line 77.
Package microtype Info: Applying patch `item' on input line 77.
Package microtype Info: Applying patch `toc' on input line 77.
Package microtype Info: Applying patch `eqnum' on input line 77.
Package microtype Info: Applying patch `footnote' on input line 77.
Package microtype Info: Character protrusion enabled (level 2).
Package microtype Info: Using protrusion set `basicmath'.
Package microtype Info: No adjustment of tracking.
Package microtype Info: No adjustment of spacing.
Package microtype Info: No adjustment of kerning.
Package microtype Info: Loading generic protrusion settings for font family
(microtype)             `Arial' (encoding: TU).
(microtype)             For optimal results, create family-specific settings.
(microtype)             See the microtype manual for details.
Package hyperref Info: Link coloring ON on input line 77.
*geometry* driver: auto-detecting
*geometry* detected driver: xetex
*geometry* verbose mode - [ preamble ] result:
* driver: xetex
* paper: <default>
* layout: <same size as paper>
* layoutoffset:(h,v)=(0.0pt,0.0pt)
* modes: 
* h-part:(L,W,R)=(36.98866pt, 540.31767pt, 36.98866pt)
* v-part:(T,H,B)=(36.98866pt, 720.99266pt, 36.98866pt)
* \paperwidth=614.295pt
* \paperheight=794.96999pt
* \textwidth=540.31767pt
* \textheight=720.99266pt
* \oddsidemargin=-35.28133pt
* \evensidemargin=-35.28133pt
* \topmargin=-72.28133pt
* \headheight=12.0pt
* \headsep=25.0pt
* \topskip=10.0pt
* \footskip=30.0pt
* \marginparwidth=65.0pt
* \marginparsep=11.0pt
* \columnsep=10.0pt
* \skip\footins=9.0pt plus 4.0pt minus 2.0pt
* \hoffset=0.0pt
* \voffset=0.0pt
* \mag=1000
* \@twocolumnfalse
* \@twosidefalse
* \@mparswitchfalse
* \@reversemarginfalse
* (1in=72.27pt=25.4mm, 1cm=28.453pt)

LaTeX Font Info:    Font shape `TU/Arial(0)/m/n' will be
(Font)              scaled to size 17.28pt on input line 79.
LaTeX Font Info:    Font shape `TU/Arial(0)/m/n' will be
(Font)              scaled to size 12.0pt on input line 79.
LaTeX Font Info:    Font shape `TU/latinmodern-math.otf(1)/m/n' will be
(Font)              scaled to size 14.43768pt on input line 79.
LaTeX Font Info:    Font shape `TU/latinmodern-math.otf(1)/m/n' will be
(Font)              scaled to size 9.62512pt on input line 79.
LaTeX Font Info:    Font shape `TU/latinmodern-math.otf(1)/m/n' will be
(Font)              scaled to size 7.21884pt on input line 79.
LaTeX Font Info:    Trying to load font information for OML+lmm on input line 79.
(c:/Users/nicwir/AppData/Roaming/TinyTeX/texmf-dist/tex/latex/lm/omllmm.fd
File: omllmm.fd 2015/05/01 v1.6.1 Font defs for Latin Modern
)
LaTeX Font Info:    Font shape `TU/latinmodern-math.otf(2)/m/n' will be
(Font)              scaled to size 14.43915pt on input line 79.
LaTeX Font Info:    Font shape `TU/latinmodern-math.otf(2)/m/n' will be
(Font)              scaled to size 9.6261pt on input line 79.
LaTeX Font Info:    Font shape `TU/latinmodern-math.otf(2)/m/n' will be
(Font)              scaled to size 7.21957pt on input line 79.
LaTeX Font Info:    Font shape `TU/latinmodern-math.otf(3)/m/n' will be
(Font)              scaled to size 14.43622pt on input line 79.
LaTeX Font Info:    Font shape `TU/latinmodern-math.otf(3)/m/n' will be
(Font)              scaled to size 9.62415pt on input line 79.
LaTeX Font Info:    Font shape `TU/latinmodern-math.otf(3)/m/n' will be
(Font)              scaled to size 7.21811pt on input line 79.
LaTeX Font Info:    Trying to load font information for U+msa on input line 79.
(c:/Users/nicwir/AppData/Roaming/TinyTeX/texmf-dist/tex/latex/amsfonts/umsa.fd
File: umsa.fd 2013/01/14 v3.01 AMS symbols A
) (c:/Users/nicwir/AppData/Roaming/TinyTeX/texmf-dist/tex/latex/microtype/mt-msa.cfg
File: mt-msa.cfg 2006/02/04 v1.1 microtype config. file: AMS symbols (a) (RS)
)
LaTeX Font Info:    Trying to load font information for U+msb on input line 79.
(c:/Users/nicwir/AppData/Roaming/TinyTeX/texmf-dist/tex/latex/amsfonts/umsb.fd
File: umsb.fd 2013/01/14 v3.01 AMS symbols B
) (c:/Users/nicwir/AppData/Roaming/TinyTeX/texmf-dist/tex/latex/microtype/mt-msb.cfg
File: mt-msb.cfg 2005/06/01 v1.0 microtype config. file: AMS symbols (b) (RS)
)
LaTeX Font Info:    Font shape `TU/Arial(0)/b/n' will be
(Font)              scaled to size 12.0pt on input line 81.
LaTeX Font Info:    Font shape `TU/Arial(0)/m/it' will be
(Font)              scaled to size 10.0pt on input line 83.

Underfull \hbox (badness 10000) in paragraph at lines 83--84

 []


Underfull \hbox (badness 10000) in paragraph at lines 85--87

 []


Underfull \hbox (badness 10000) in paragraph at lines 88--93

 []

[1

]
LaTeX Font Info:    Font shape `TU/latinmodern-math.otf(1)/m/n' will be
(Font)              scaled to size 8.42198pt on input line 124.
LaTeX Font Info:    Font shape `TU/latinmodern-math.otf(1)/m/n' will be
(Font)              scaled to size 6.0157pt on input line 124.
LaTeX Font Info:    Font shape `TU/latinmodern-math.otf(2)/m/n' will be
(Font)              scaled to size 12.03262pt on input line 124.
LaTeX Font Info:    Font shape `TU/latinmodern-math.otf(2)/m/n' will be
(Font)              scaled to size 8.42284pt on input line 124.
LaTeX Font Info:    Font shape `TU/latinmodern-math.otf(2)/m/n' will be
(Font)              scaled to size 6.01631pt on input line 124.
LaTeX Font Info:    Font shape `TU/latinmodern-math.otf(3)/m/n' will be
(Font)              scaled to size 12.03018pt on input line 124.
LaTeX Font Info:    Font shape `TU/latinmodern-math.otf(3)/m/n' will be
(Font)              scaled to size 8.42113pt on input line 124.
LaTeX Font Info:    Font shape `TU/latinmodern-math.otf(3)/m/n' will be
(Font)              scaled to size 6.01509pt on input line 124.

LaTeX Warning: `!h' float specifier changed to `!ht'.


LaTeX Warning: `!h' float specifier changed to `!ht'.

[2] [3] [4]
LaTeX Font Info:    Font shape `TU/Arial(0)/b/n' will be
(Font)              scaled to size 10.0pt on input line 304.
File: C:/R_test/growth/Report.growth_20220601_163852/Report_Growth_files/figure-latex/figure_linear-1.pdf Graphic file (type pdf)
<use C:/R_test/growth/Report.growth_20220601_163852/Report_Growth_files/figure-latex/figure_linear-1.pdf>
File: C:/R_test/growth/Report.growth_20220601_163852/Report_Growth_files/figure-latex/figure_linear-2.pdf Graphic file (type pdf)
<use C:/R_test/growth/Report.growth_20220601_163852/Report_Growth_files/figure-latex/figure_linear-2.pdf>
File: C:/R_test/growth/Report.growth_20220601_163852/Report_Growth_files/figure-latex/figure_linear-3.pdf Graphic file (type pdf)
<use C:/R_test/growth/Report.growth_20220601_163852/Report_Growth_files/figure-latex/figure_linear-3.pdf>
File: C:/R_test/growth/Report.growth_20220601_163852/Report_Growth_files/figure-latex/figure_linear-4.pdf Graphic file (type pdf)
<use C:/R_test/growth/Report.growth_20220601_163852/Report_Growth_files/figure-latex/figure_linear-4.pdf>
File: C:/R_test/growth/Report.growth_20220601_163852/Report_Growth_files/figure-latex/figure_linear-5.pdf Graphic file (type pdf)
<use C:/R_test/growth/Report.growth_20220601_163852/Report_Growth_files/figure-latex/figure_linear-5.pdf>
File: C:/R_test/growth/Report.growth_20220601_163852/Report_Growth_files/figure-latex/figure_linear-6.pdf Graphic file (type pdf)
<use C:/R_test/growth/Report.growth_20220601_163852/Report_Growth_files/figure-latex/figure_linear-6.pdf>
File: C:/R_test/growth/Report.growth_20220601_163852/Report_Growth_files/figure-latex/figure_linear-7.pdf Graphic file (type pdf)
<use C:/R_test/growth/Report.growth_20220601_163852/Report_Growth_files/figure-latex/figure_linear-7.pdf>
File: C:/R_test/growth/Report.growth_20220601_163852/Report_Growth_files/figure-latex/figure_linear-8.pdf Graphic file (type pdf)
<use C:/R_test/growth/Report.growth_20220601_163852/Report_Growth_files/figure-latex/figure_linear-8.pdf>
File: C:/R_test/growth/Report.growth_20220601_163852/Report_Growth_files/figure-latex/figure_linear-9.pdf Graphic file (type pdf)
<use C:/R_test/growth/Report.growth_20220601_163852/Report_Growth_files/figure-latex/figure_linear-9.pdf>
File: C:/R_test/growth/Report.growth_20220601_163852/Report_Growth_files/figure-latex/figure_linear-10.pdf Graphic file (type pdf)
<use C:/R_test/growth/Report.growth_20220601_163852/Report_Growth_files/figure-latex/figure_linear-10.pdf>
File: C:/R_test/growth/Report.growth_20220601_163852/Report_Growth_files/figure-latex/figure_linear-11.pdf Graphic file (type pdf)
<use C:/R_test/growth/Report.growth_20220601_163852/Report_Growth_files/figure-latex/figure_linear-11.pdf>
File: C:/R_test/growth/Report.growth_20220601_163852/Report_Growth_files/figure-latex/figure_linear-12.pdf Graphic file (type pdf)
<use C:/R_test/growth/Report.growth_20220601_163852/Report_Growth_files/figure-latex/figure_linear-12.pdf>
File: C:/R_test/growth/Report.growth_20220601_163852/Report_Growth_files/figure-latex/figure_linear-13.pdf Graphic file (type pdf)
<use C:/R_test/growth/Report.growth_20220601_163852/Report_Growth_files/figure-latex/figure_linear-13.pdf>
File: C:/R_test/growth/Report.growth_20220601_163852/Report_Growth_files/figure-latex/figure_linear-14.pdf Graphic file (type pdf)
<use C:/R_test/growth/Report.growth_20220601_163852/Report_Growth_files/figure-latex/figure_linear-14.pdf>
File: C:/R_test/growth/Report.growth_20220601_163852/Report_Growth_files/figure-latex/figure_linear-15.pdf Graphic file (type pdf)
<use C:/R_test/growth/Report.growth_20220601_163852/Report_Growth_files/figure-latex/figure_linear-15.pdf>
File: C:/R_test/growth/Report.growth_20220601_163852/Report_Growth_files/figure-latex/figure_linear-16.pdf Graphic file (type pdf)
<use C:/R_test/growth/Report.growth_20220601_163852/Report_Growth_files/figure-latex/figure_linear-16.pdf>
File: C:/R_test/growth/Report.growth_20220601_163852/Report_Growth_files/figure-latex/figure_linear-17.pdf Graphic file (type pdf)
<use C:/R_test/growth/Report.growth_20220601_163852/Report_Growth_files/figure-latex/figure_linear-17.pdf>
File: C:/R_test/growth/Report.growth_20220601_163852/Report_Growth_files/figure-latex/figure_linear-18.pdf Graphic file (type pdf)
<use C:/R_test/growth/Report.growth_20220601_163852/Report_Growth_files/figure-latex/figure_linear-18.pdf>
File: C:/R_test/growth/Report.growth_20220601_163852/Report_Growth_files/figure-latex/figure_linear-19.pdf Graphic file (type pdf)
<use C:/R_test/growth/Report.growth_20220601_163852/Report_Growth_files/figure-latex/figure_linear-19.pdf>
File: C:/R_test/growth/Report.growth_20220601_163852/Report_Growth_files/figure-latex/figure_linear-20.pdf Graphic file (type pdf)
<use C:/R_test/growth/Report.growth_20220601_163852/Report_Growth_files/figure-latex/figure_linear-20.pdf>
File: C:/R_test/growth/Report.growth_20220601_163852/Report_Growth_files/figure-latex/figure_linear-21.pdf Graphic file (type pdf)
<use C:/R_test/growth/Report.growth_20220601_163852/Report_Growth_files/figure-latex/figure_linear-21.pdf>
File: C:/R_test/growth/Report.growth_20220601_163852/Report_Growth_files/figure-latex/figure_linear-22.pdf Graphic file (type pdf)
<use C:/R_test/growth/Report.growth_20220601_163852/Report_Growth_files/figure-latex/figure_linear-22.pdf>
File: C:/R_test/growth/Report.growth_20220601_163852/Report_Growth_files/figure-latex/figure_linear-23.pdf Graphic file (type pdf)
<use C:/R_test/growth/Report.growth_20220601_163852/Report_Growth_files/figure-latex/figure_linear-23.pdf>
File: C:/R_test/growth/Report.growth_20220601_163852/Report_Growth_files/figure-latex/figure_linear-24.pdf Graphic file (type pdf)
<use C:/R_test/growth/Report.growth_20220601_163852/Report_Growth_files/figure-latex/figure_linear-24.pdf>
File: C:/R_test/growth/Report.growth_20220601_163852/Report_Growth_files/figure-latex/figure_linear-25.pdf Graphic file (type pdf)
<use C:/R_test/growth/Report.growth_20220601_163852/Report_Growth_files/figure-latex/figure_linear-25.pdf>
File: C:/R_test/growth/Report.growth_20220601_163852/Report_Growth_files/figure-latex/figure_linear-26.pdf Graphic file (type pdf)
<use C:/R_test/growth/Report.growth_20220601_163852/Report_Growth_files/figure-latex/figure_linear-26.pdf>
File: C:/R_test/growth/Report.growth_20220601_163852/Report_Growth_files/figure-latex/figure_linear-27.pdf Graphic file (type pdf)
<use C:/R_test/growth/Report.growth_20220601_163852/Report_Growth_files/figure-latex/figure_linear-27.pdf>
File: C:/R_test/growth/Report.growth_20220601_163852/Report_Growth_files/figure-latex/figure_linear-28.pdf Graphic file (type pdf)
<use C:/R_test/growth/Report.growth_20220601_163852/Report_Growth_files/figure-latex/figure_linear-28.pdf>
File: C:/R_test/growth/Report.growth_20220601_163852/Report_Growth_files/figure-latex/figure_linear-29.pdf Graphic file (type pdf)
<use C:/R_test/growth/Report.growth_20220601_163852/Report_Growth_files/figure-latex/figure_linear-29.pdf>
File: C:/R_test/growth/Report.growth_20220601_163852/Report_Growth_files/figure-latex/figure_linear-30.pdf Graphic file (type pdf)
<use C:/R_test/growth/Report.growth_20220601_163852/Report_Growth_files/figure-latex/figure_linear-30.pdf>
[5

] [6]
File: C:/R_test/growth/Report.growth_20220601_163852/Report_Growth_files/figure-latex/figure_model-1.pdf Graphic file (type pdf)
<use C:/R_test/growth/Report.growth_20220601_163852/Report_Growth_files/figure-latex/figure_model-1.pdf>
File: C:/R_test/growth/Report.growth_20220601_163852/Report_Growth_files/figure-latex/figure_model-2.pdf Graphic file (type pdf)
<use C:/R_test/growth/Report.growth_20220601_163852/Report_Growth_files/figure-latex/figure_model-2.pdf>
File: C:/R_test/growth/Report.growth_20220601_163852/Report_Growth_files/figure-latex/figure_model-3.pdf Graphic file (type pdf)
<use C:/R_test/growth/Report.growth_20220601_163852/Report_Growth_files/figure-latex/figure_model-3.pdf>
File: C:/R_test/growth/Report.growth_20220601_163852/Report_Growth_files/figure-latex/figure_model-4.pdf Graphic file (type pdf)
<use C:/R_test/growth/Report.growth_20220601_163852/Report_Growth_files/figure-latex/figure_model-4.pdf>
File: C:/R_test/growth/Report.growth_20220601_163852/Report_Growth_files/figure-latex/figure_model-5.pdf Graphic file (type pdf)
<use C:/R_test/growth/Report.growth_20220601_163852/Report_Growth_files/figure-latex/figure_model-5.pdf>
File: C:/R_test/growth/Report.growth_20220601_163852/Report_Growth_files/figure-latex/figure_model-6.pdf Graphic file (type pdf)
<use C:/R_test/growth/Report.growth_20220601_163852/Report_Growth_files/figure-latex/figure_model-6.pdf>
File: C:/R_test/growth/Report.growth_20220601_163852/Report_Growth_files/figure-latex/figure_model-7.pdf Graphic file (type pdf)
<use C:/R_test/growth/Report.growth_20220601_163852/Report_Growth_files/figure-latex/figure_model-7.pdf>
File: C:/R_test/growth/Report.growth_20220601_163852/Report_Growth_files/figure-latex/figure_model-8.pdf Graphic file (type pdf)
<use C:/R_test/growth/Report.growth_20220601_163852/Report_Growth_files/figure-latex/figure_model-8.pdf>
File: C:/R_test/growth/Report.growth_20220601_163852/Report_Growth_files/figure-latex/figure_model-9.pdf Graphic file (type pdf)
<use C:/R_test/growth/Report.growth_20220601_163852/Report_Growth_files/figure-latex/figure_model-9.pdf>
File: C:/R_test/growth/Report.growth_20220601_163852/Report_Growth_files/figure-latex/figure_model-10.pdf Graphic file (type pdf)
<use C:/R_test/growth/Report.growth_20220601_163852/Report_Growth_files/figure-latex/figure_model-10.pdf>
File: C:/R_test/growth/Report.growth_20220601_163852/Report_Growth_files/figure-latex/figure_model-11.pdf Graphic file (type pdf)
<use C:/R_test/growth/Report.growth_20220601_163852/Report_Growth_files/figure-latex/figure_model-11.pdf>
File: C:/R_test/growth/Report.growth_20220601_163852/Report_Growth_files/figure-latex/figure_model-12.pdf Graphic file (type pdf)
<use C:/R_test/growth/Report.growth_20220601_163852/Report_Growth_files/figure-latex/figure_model-12.pdf>
File: C:/R_test/growth/Report.growth_20220601_163852/Report_Growth_files/figure-latex/figure_model-13.pdf Graphic file (type pdf)
<use C:/R_test/growth/Report.growth_20220601_163852/Report_Growth_files/figure-latex/figure_model-13.pdf>
File: C:/R_test/growth/Report.growth_20220601_163852/Report_Growth_files/figure-latex/figure_model-14.pdf Graphic file (type pdf)
<use C:/R_test/growth/Report.growth_20220601_163852/Report_Growth_files/figure-latex/figure_model-14.pdf>
File: C:/R_test/growth/Report.growth_20220601_163852/Report_Growth_files/figure-latex/figure_model-15.pdf Graphic file (type pdf)
<use C:/R_test/growth/Report.growth_20220601_163852/Report_Growth_files/figure-latex/figure_model-15.pdf>
File: C:/R_test/growth/Report.growth_20220601_163852/Report_Growth_files/figure-latex/figure_model-16.pdf Graphic file (type pdf)
<use C:/R_test/growth/Report.growth_20220601_163852/Report_Growth_files/figure-latex/figure_model-16.pdf>
File: C:/R_test/growth/Report.growth_20220601_163852/Report_Growth_files/figure-latex/figure_model-17.pdf Graphic file (type pdf)
<use C:/R_test/growth/Report.growth_20220601_163852/Report_Growth_files/figure-latex/figure_model-17.pdf>
File: C:/R_test/growth/Report.growth_20220601_163852/Report_Growth_files/figure-latex/figure_model-18.pdf Graphic file (type pdf)
<use C:/R_test/growth/Report.growth_20220601_163852/Report_Growth_files/figure-latex/figure_model-18.pdf>
File: C:/R_test/growth/Report.growth_20220601_163852/Report_Growth_files/figure-latex/figure_model-19.pdf Graphic file (type pdf)
<use C:/R_test/growth/Report.growth_20220601_163852/Report_Growth_files/figure-latex/figure_model-19.pdf>
File: C:/R_test/growth/Report.growth_20220601_163852/Report_Growth_files/figure-latex/figure_model-20.pdf Graphic file (type pdf)
<use C:/R_test/growth/Report.growth_20220601_163852/Report_Growth_files/figure-latex/figure_model-20.pdf>
File: C:/R_test/growth/Report.growth_20220601_163852/Report_Growth_files/figure-latex/figure_model-21.pdf Graphic file (type pdf)
<use C:/R_test/growth/Report.growth_20220601_163852/Report_Growth_files/figure-latex/figure_model-21.pdf>
File: C:/R_test/growth/Report.growth_20220601_163852/Report_Growth_files/figure-latex/figure_model-22.pdf Graphic file (type pdf)
<use C:/R_test/growth/Report.growth_20220601_163852/Report_Growth_files/figure-latex/figure_model-22.pdf>
File: C:/R_test/growth/Report.growth_20220601_163852/Report_Growth_files/figure-latex/figure_model-23.pdf Graphic file (type pdf)
<use C:/R_test/growth/Report.growth_20220601_163852/Report_Growth_files/figure-latex/figure_model-23.pdf>
File: C:/R_test/growth/Report.growth_20220601_163852/Report_Growth_files/figure-latex/figure_model-24.pdf Graphic file (type pdf)
<use C:/R_test/growth/Report.growth_20220601_163852/Report_Growth_files/figure-latex/figure_model-24.pdf>
File: C:/R_test/growth/Report.growth_20220601_163852/Report_Growth_files/figure-latex/figure_model-25.pdf Graphic file (type pdf)
<use C:/R_test/growth/Report.growth_20220601_163852/Report_Growth_files/figure-latex/figure_model-25.pdf>
File: C:/R_test/growth/Report.growth_20220601_163852/Report_Growth_files/figure-latex/figure_model-26.pdf Graphic file (type pdf)
<use C:/R_test/growth/Report.growth_20220601_163852/Report_Growth_files/figure-latex/figure_model-26.pdf>
File: C:/R_test/growth/Report.growth_20220601_163852/Report_Growth_files/figure-latex/figure_model-27.pdf Graphic file (type pdf)
<use C:/R_test/growth/Report.growth_20220601_163852/Report_Growth_files/figure-latex/figure_model-27.pdf>
File: C:/R_test/growth/Report.growth_20220601_163852/Report_Growth_files/figure-latex/figure_model-28.pdf Graphic file (type pdf)
<use C:/R_test/growth/Report.growth_20220601_163852/Report_Growth_files/figure-latex/figure_model-28.pdf>
File: C:/R_test/growth/Report.growth_20220601_163852/Report_Growth_files/figure-latex/figure_model-29.pdf Graphic file (type pdf)
<use C:/R_test/growth/Report.growth_20220601_163852/Report_Growth_files/figure-latex/figure_model-29.pdf>
File: C:/R_test/growth/Report.growth_20220601_163852/Report_Growth_files/figure-latex/figure_model-30.pdf Graphic file (type pdf)
<use C:/R_test/growth/Report.growth_20220601_163852/Report_Growth_files/figure-latex/figure_model-30.pdf>
[7

] [8]
File: C:/R_test/growth/Report.growth_20220601_163852/Report_Growth_files/figure-latex/figure_spline-1.pdf Graphic file (type pdf)
<use C:/R_test/growth/Report.growth_20220601_163852/Report_Growth_files/figure-latex/figure_spline-1.pdf>
File: C:/R_test/growth/Report.growth_20220601_163852/Report_Growth_files/figure-latex/figure_spline-2.pdf Graphic file (type pdf)
<use C:/R_test/growth/Report.growth_20220601_163852/Report_Growth_files/figure-latex/figure_spline-2.pdf>
File: C:/R_test/growth/Report.growth_20220601_163852/Report_Growth_files/figure-latex/figure_spline-3.pdf Graphic file (type pdf)
<use C:/R_test/growth/Report.growth_20220601_163852/Report_Growth_files/figure-latex/figure_spline-3.pdf>
File: C:/R_test/growth/Report.growth_20220601_163852/Report_Growth_files/figure-latex/figure_spline-4.pdf Graphic file (type pdf)
<use C:/R_test/growth/Report.growth_20220601_163852/Report_Growth_files/figure-latex/figure_spline-4.pdf>
File: C:/R_test/growth/Report.growth_20220601_163852/Report_Growth_files/figure-latex/figure_spline-5.pdf Graphic file (type pdf)
<use C:/R_test/growth/Report.growth_20220601_163852/Report_Growth_files/figure-latex/figure_spline-5.pdf>
File: C:/R_test/growth/Report.growth_20220601_163852/Report_Growth_files/figure-latex/figure_spline-6.pdf Graphic file (type pdf)
<use C:/R_test/growth/Report.growth_20220601_163852/Report_Growth_files/figure-latex/figure_spline-6.pdf>
File: C:/R_test/growth/Report.growth_20220601_163852/Report_Growth_files/figure-latex/figure_spline-7.pdf Graphic file (type pdf)
<use C:/R_test/growth/Report.growth_20220601_163852/Report_Growth_files/figure-latex/figure_spline-7.pdf>
File: C:/R_test/growth/Report.growth_20220601_163852/Report_Growth_files/figure-latex/figure_spline-8.pdf Graphic file (type pdf)
<use C:/R_test/growth/Report.growth_20220601_163852/Report_Growth_files/figure-latex/figure_spline-8.pdf>
File: C:/R_test/growth/Report.growth_20220601_163852/Report_Growth_files/figure-latex/figure_spline-9.pdf Graphic file (type pdf)
<use C:/R_test/growth/Report.growth_20220601_163852/Report_Growth_files/figure-latex/figure_spline-9.pdf>
File: C:/R_test/growth/Report.growth_20220601_163852/Report_Growth_files/figure-latex/figure_spline-10.pdf Graphic file (type pdf)
<use C:/R_test/growth/Report.growth_20220601_163852/Report_Growth_files/figure-latex/figure_spline-10.pdf>
File: C:/R_test/growth/Report.growth_20220601_163852/Report_Growth_files/figure-latex/figure_spline-11.pdf Graphic file (type pdf)
<use C:/R_test/growth/Report.growth_20220601_163852/Report_Growth_files/figure-latex/figure_spline-11.pdf>
File: C:/R_test/growth/Report.growth_20220601_163852/Report_Growth_files/figure-latex/figure_spline-12.pdf Graphic file (type pdf)
<use C:/R_test/growth/Report.growth_20220601_163852/Report_Growth_files/figure-latex/figure_spline-12.pdf>
File: C:/R_test/growth/Report.growth_20220601_163852/Report_Growth_files/figure-latex/figure_spline-13.pdf Graphic file (type pdf)
<use C:/R_test/growth/Report.growth_20220601_163852/Report_Growth_files/figure-latex/figure_spline-13.pdf>
File: C:/R_test/growth/Report.growth_20220601_163852/Report_Growth_files/figure-latex/figure_spline-14.pdf Graphic file (type pdf)
<use C:/R_test/growth/Report.growth_20220601_163852/Report_Growth_files/figure-latex/figure_spline-14.pdf>
File: C:/R_test/growth/Report.growth_20220601_163852/Report_Growth_files/figure-latex/figure_spline-15.pdf Graphic file (type pdf)
<use C:/R_test/growth/Report.growth_20220601_163852/Report_Growth_files/figure-latex/figure_spline-15.pdf>
File: C:/R_test/growth/Report.growth_20220601_163852/Report_Growth_files/figure-latex/figure_spline-16.pdf Graphic file (type pdf)
<use C:/R_test/growth/Report.growth_20220601_163852/Report_Growth_files/figure-latex/figure_spline-16.pdf>
File: C:/R_test/growth/Report.growth_20220601_163852/Report_Growth_files/figure-latex/figure_spline-17.pdf Graphic file (type pdf)
<use C:/R_test/growth/Report.growth_20220601_163852/Report_Growth_files/figure-latex/figure_spline-17.pdf>
File: C:/R_test/growth/Report.growth_20220601_163852/Report_Growth_files/figure-latex/figure_spline-18.pdf Graphic file (type pdf)
<use C:/R_test/growth/Report.growth_20220601_163852/Report_Growth_files/figure-latex/figure_spline-18.pdf>
File: C:/R_test/growth/Report.growth_20220601_163852/Report_Growth_files/figure-latex/figure_spline-19.pdf Graphic file (type pdf)
<use C:/R_test/growth/Report.growth_20220601_163852/Report_Growth_files/figure-latex/figure_spline-19.pdf>
File: C:/R_test/growth/Report.growth_20220601_163852/Report_Growth_files/figure-latex/figure_spline-20.pdf Graphic file (type pdf)
<use C:/R_test/growth/Report.growth_20220601_163852/Report_Growth_files/figure-latex/figure_spline-20.pdf>
File: C:/R_test/growth/Report.growth_20220601_163852/Report_Growth_files/figure-latex/figure_spline-21.pdf Graphic file (type pdf)
<use C:/R_test/growth/Report.growth_20220601_163852/Report_Growth_files/figure-latex/figure_spline-21.pdf>
File: C:/R_test/growth/Report.growth_20220601_163852/Report_Growth_files/figure-latex/figure_spline-22.pdf Graphic file (type pdf)
<use C:/R_test/growth/Report.growth_20220601_163852/Report_Growth_files/figure-latex/figure_spline-22.pdf>
File: C:/R_test/growth/Report.growth_20220601_163852/Report_Growth_files/figure-latex/figure_spline-23.pdf Graphic file (type pdf)
<use C:/R_test/growth/Report.growth_20220601_163852/Report_Growth_files/figure-latex/figure_spline-23.pdf>
File: C:/R_test/growth/Report.growth_20220601_163852/Report_Growth_files/figure-latex/figure_spline-24.pdf Graphic file (type pdf)
<use C:/R_test/growth/Report.growth_20220601_163852/Report_Growth_files/figure-latex/figure_spline-24.pdf>
File: C:/R_test/growth/Report.growth_20220601_163852/Report_Growth_files/figure-latex/figure_spline-25.pdf Graphic file (type pdf)
<use C:/R_test/growth/Report.growth_20220601_163852/Report_Growth_files/figure-latex/figure_spline-25.pdf>
File: C:/R_test/growth/Report.growth_20220601_163852/Report_Growth_files/figure-latex/figure_spline-26.pdf Graphic file (type pdf)
<use C:/R_test/growth/Report.growth_20220601_163852/Report_Growth_files/figure-latex/figure_spline-26.pdf>
File: C:/R_test/growth/Report.growth_20220601_163852/Report_Growth_files/figure-latex/figure_spline-27.pdf Graphic file (type pdf)
<use C:/R_test/growth/Report.growth_20220601_163852/Report_Growth_files/figure-latex/figure_spline-27.pdf>
File: C:/R_test/growth/Report.growth_20220601_163852/Report_Growth_files/figure-latex/figure_spline-28.pdf Graphic file (type pdf)
<use C:/R_test/growth/Report.growth_20220601_163852/Report_Growth_files/figure-latex/figure_spline-28.pdf>
File: C:/R_test/growth/Report.growth_20220601_163852/Report_Growth_files/figure-latex/figure_spline-29.pdf Graphic file (type pdf)
<use C:/R_test/growth/Report.growth_20220601_163852/Report_Growth_files/figure-latex/figure_spline-29.pdf>
File: C:/R_test/growth/Report.growth_20220601_163852/Report_Growth_files/figure-latex/figure_spline-30.pdf Graphic file (type pdf)
<use C:/R_test/growth/Report.growth_20220601_163852/Report_Growth_files/figure-latex/figure_spline-30.pdf>
[9

] [10] [11] [12] (./Report_Growth.aux) ) 
Here is how much of TeX's memory you used:
 20100 strings out of 478106
 444510 string characters out of 5850624
 889624 words of memory out of 5000000
 40430 multiletter control sequences out of 15000+600000
 475750 words of font info for 86 fonts, out of 8000000 for 9000
 14 hyphenation exceptions out of 8191
 86i,10n,122p,1057b,338s stack positions out of 10000i,1000n,20000p,200000b,200000s

Output written on Report_Growth.pdf (12 pages).
